C:\USERS\IGOR\DOCUMENTS\GITHUB\COCOS2D-X-2.2\PROJECTS\2013\PROJECT-BIRDS\PROJ.WP8\DEBUG\CLOCK.OBJ
C:\USERS\IGOR\DOCUMENTS\GITHUB\COCOS2D-X-2.2\PROJECTS\2013\PROJECT-BIRDS\PROJ.WP8\DEBUG\ENTITY.OBJ
C:\USERS\IGOR\DOCUMENTS\GITHUB\COCOS2D-X-2.2\PROJECTS\2013\PROJECT-BIRDS\PROJ.WP8\DEBUG\FEATHER.OBJ
C:\USERS\IGOR\DOCUMENTS\GITHUB\COCOS2D-X-2.2\PROJECTS\2013\PROJECT-BIRDS\PROJ.WP8\DEBUG\KEYDISPLAY.OBJ
C:\USERS\IGOR\DOCUMENTS\GITHUB\COCOS2D-X-2.2\PROJECTS\2013\PROJECT-BIRDS\PROJ.WP8\DEBUG\PIRATEBOX.OBJ
C:\USERS\IGOR\DOCUMENTS\GITHUB\COCOS2D-X-2.2\PROJECTS\2013\PROJECT-BIRDS\PROJ.WP8\DEBUG\RIPPLE.OBJ
C:\USERS\IGOR\DOCUMENTS\GITHUB\COCOS2D-X-2.2\PROJECTS\2013\PROJECT-BIRDS\PROJ.WP8\DEBUG\STAR.OBJ
C:\USERS\IGOR\DOCUMENTS\GITHUB\COCOS2D-X-2.2\PROJECTS\2013\PROJECT-BIRDS\PROJ.WP8\DEBUG\WEAPONPARTICLE.OBJ
C:\USERS\IGOR\DOCUMENTS\GITHUB\COCOS2D-X-2.2\PROJECTS\2013\PROJECT-BIRDS\PROJ.WP8\DEBUG\BLADEPARTICLESMANAGER.OBJ
C:\USERS\IGOR\DOCUMENTS\GITHUB\COCOS2D-X-2.2\PROJECTS\2013\PROJECT-BIRDS\PROJ.WP8\DEBUG\POPUP.OBJ
C:\USERS\IGOR\DOCUMENTS\GITHUB\COCOS2D-X-2.2\PROJECTS\2013\PROJECT-BIRDS\PROJ.WP8\DEBUG\GETCOINS.OBJ
C:\USERS\IGOR\DOCUMENTS\GITHUB\COCOS2D-X-2.2\PROJECTS\2013\PROJECT-BIRDS\PROJ.WP8\DEBUG\MODEHELP.OBJ
C:\USERS\IGOR\DOCUMENTS\GITHUB\COCOS2D-X-2.2\PROJECTS\2013\PROJECT-BIRDS\PROJ.WP8\DEBUG\RESETPROGRESS.OBJ
C:\USERS\IGOR\DOCUMENTS\GITHUB\COCOS2D-X-2.2\PROJECTS\2013\PROJECT-BIRDS\PROJ.WP8\DEBUG\TEMPPUBLISHERRATINGEXPLAIN.OBJ
C:\USERS\IGOR\DOCUMENTS\GITHUB\COCOS2D-X-2.2\PROJECTS\2013\PROJECT-BIRDS\PROJ.WP8\DEBUG\CLASSIC.OBJ
C:\USERS\IGOR\DOCUMENTS\GITHUB\COCOS2D-X-2.2\PROJECTS\2013\PROJECT-BIRDS\PROJ.WP8\DEBUG\LANGUAGE.OBJ
C:\USERS\IGOR\DOCUMENTS\GITHUB\COCOS2D-X-2.2\PROJECTS\2013\PROJECT-BIRDS\PROJ.WP8\DEBUG\MORE.OBJ
C:\USERS\IGOR\DOCUMENTS\GITHUB\COCOS2D-X-2.2\PROJECTS\2013\PROJECT-BIRDS\PROJ.WP8\DEBUG\SHOP.OBJ
C:\USERS\IGOR\DOCUMENTS\GITHUB\COCOS2D-X-2.2\PROJECTS\2013\PROJECT-BIRDS\PROJ.WP8\DEBUG\BUTTONRECEIVER.OBJ
C:\USERS\IGOR\DOCUMENTS\GITHUB\COCOS2D-X-2.2\PROJECTS\2013\PROJECT-BIRDS\PROJ.WP8\DEBUG\LIST.OBJ
C:\USERS\IGOR\DOCUMENTS\GITHUB\COCOS2D-X-2.2\PROJECTS\2013\PROJECT-BIRDS\PROJ.WP8\DEBUG\UTILS.OBJ
C:\USERS\IGOR\DOCUMENTS\GITHUB\COCOS2D-X-2.2\PROJECTS\2013\PROJECT-BIRDS\PROJ.WP8\DEBUG\BIRD.OBJ
C:\USERS\IGOR\DOCUMENTS\GITHUB\COCOS2D-X-2.2\PROJECTS\2013\PROJECT-BIRDS\PROJ.WP8\DEBUG\DUST.OBJ
C:\USERS\IGOR\DOCUMENTS\GITHUB\COCOS2D-X-2.2\PROJECTS\2013\PROJECT-BIRDS\PROJ.WP8\DEBUG\EXPLOSIONBASIC.OBJ
C:\USERS\IGOR\DOCUMENTS\GITHUB\COCOS2D-X-2.2\PROJECTS\2013\PROJECT-BIRDS\PROJ.WP8\DEBUG\ITEM.OBJ
C:\USERS\IGOR\DOCUMENTS\GITHUB\COCOS2D-X-2.2\PROJECTS\2013\PROJECT-BIRDS\PROJ.WP8\DEBUG\MARK.OBJ
C:\USERS\IGOR\DOCUMENTS\GITHUB\COCOS2D-X-2.2\PROJECTS\2013\PROJECT-BIRDS\PROJ.WP8\DEBUG\RAINCIRCLE.OBJ
C:\USERS\IGOR\DOCUMENTS\GITHUB\COCOS2D-X-2.2\PROJECTS\2013\PROJECT-BIRDS\PROJ.WP8\DEBUG\SPECIALBIRD.OBJ
C:\USERS\IGOR\DOCUMENTS\GITHUB\COCOS2D-X-2.2\PROJECTS\2013\PROJECT-BIRDS\PROJ.WP8\DEBUG\TEXT.OBJ
C:\USERS\IGOR\DOCUMENTS\GITHUB\COCOS2D-X-2.2\PROJECTS\2013\PROJECT-BIRDS\PROJ.WP8\DEBUG\BATCHENTITYMANAGER.OBJ
C:\USERS\IGOR\DOCUMENTS\GITHUB\COCOS2D-X-2.2\PROJECTS\2013\PROJECT-BIRDS\PROJ.WP8\DEBUG\OPTIONS.OBJ
C:\USERS\IGOR\DOCUMENTS\GITHUB\COCOS2D-X-2.2\PROJECTS\2013\PROJECT-BIRDS\PROJ.WP8\DEBUG\EXIT.OBJ
C:\USERS\IGOR\DOCUMENTS\GITHUB\COCOS2D-X-2.2\PROJECTS\2013\PROJECT-BIRDS\PROJ.WP8\DEBUG\MAP.OBJ
C:\USERS\IGOR\DOCUMENTS\GITHUB\COCOS2D-X-2.2\PROJECTS\2013\PROJECT-BIRDS\PROJ.WP8\DEBUG\PLEASERATE.OBJ
C:\USERS\IGOR\DOCUMENTS\GITHUB\COCOS2D-X-2.2\PROJECTS\2013\PROJECT-BIRDS\PROJ.WP8\DEBUG\TEMPPUBLISHERINAPPEXPLAIN.OBJ
C:\USERS\IGOR\DOCUMENTS\GITHUB\COCOS2D-X-2.2\PROJECTS\2013\PROJECT-BIRDS\PROJ.WP8\DEBUG\GAME.OBJ
C:\USERS\IGOR\DOCUMENTS\GITHUB\COCOS2D-X-2.2\PROJECTS\2013\PROJECT-BIRDS\PROJ.WP8\DEBUG\MODE.OBJ
C:\USERS\IGOR\DOCUMENTS\GITHUB\COCOS2D-X-2.2\PROJECTS\2013\PROJECT-BIRDS\PROJ.WP8\DEBUG\SETTINGS.OBJ
C:\USERS\IGOR\DOCUMENTS\GITHUB\COCOS2D-X-2.2\PROJECTS\2013\PROJECT-BIRDS\PROJ.WP8\DEBUG\TOUCHTRAILLAYER.OBJ
C:\USERS\IGOR\DOCUMENTS\GITHUB\COCOS2D-X-2.2\PROJECTS\2013\PROJECT-BIRDS\PROJ.WP8\DEBUG\MODEHELPLIST.OBJ
C:\USERS\IGOR\DOCUMENTS\GITHUB\COCOS2D-X-2.2\PROJECTS\2013\PROJECT-BIRDS\PROJ.WP8\DEBUG\PROJECTBIRDS.OBJ
C:\USERS\IGOR\DOCUMENTS\GITHUB\COCOS2D-X-2.2\PROJECTS\2013\PROJECT-BIRDS\PROJ.WP8\DEBUG\BUTTON.OBJ
C:\USERS\IGOR\DOCUMENTS\GITHUB\COCOS2D-X-2.2\PROJECTS\2013\PROJECT-BIRDS\PROJ.WP8\DEBUG\COLOR.OBJ
C:\USERS\IGOR\DOCUMENTS\GITHUB\COCOS2D-X-2.2\PROJECTS\2013\PROJECT-BIRDS\PROJ.WP8\DEBUG\EXPLOSION.OBJ
C:\USERS\IGOR\DOCUMENTS\GITHUB\COCOS2D-X-2.2\PROJECTS\2013\PROJECT-BIRDS\PROJ.WP8\DEBUG\GENERALEXPLOSION.OBJ
C:\USERS\IGOR\DOCUMENTS\GITHUB\COCOS2D-X-2.2\PROJECTS\2013\PROJECT-BIRDS\PROJ.WP8\DEBUG\KEYPARTICLE.OBJ
C:\USERS\IGOR\DOCUMENTS\GITHUB\COCOS2D-X-2.2\PROJECTS\2013\PROJECT-BIRDS\PROJ.WP8\DEBUG\PLAYBUTTON.OBJ
C:\USERS\IGOR\DOCUMENTS\GITHUB\COCOS2D-X-2.2\PROJECTS\2013\PROJECT-BIRDS\PROJ.WP8\DEBUG\ROBOTOGUN.OBJ
C:\USERS\IGOR\DOCUMENTS\GITHUB\COCOS2D-X-2.2\PROJECTS\2013\PROJECT-BIRDS\PROJ.WP8\DEBUG\STARPARTICLE.OBJ
C:\USERS\IGOR\DOCUMENTS\GITHUB\COCOS2D-X-2.2\PROJECTS\2013\PROJECT-BIRDS\PROJ.WP8\DEBUG\ZOMBIEEXPLOSION.OBJ
C:\USERS\IGOR\DOCUMENTS\GITHUB\COCOS2D-X-2.2\PROJECTS\2013\PROJECT-BIRDS\PROJ.WP8\DEBUG\ENTITYMANAGER.OBJ
C:\USERS\IGOR\DOCUMENTS\GITHUB\COCOS2D-X-2.2\PROJECTS\2013\PROJECT-BIRDS\PROJ.WP8\DEBUG\BOUGHTITEM.OBJ
C:\USERS\IGOR\DOCUMENTS\GITHUB\COCOS2D-X-2.2\PROJECTS\2013\PROJECT-BIRDS\PROJ.WP8\DEBUG\GETKEYS.OBJ
C:\USERS\IGOR\DOCUMENTS\GITHUB\COCOS2D-X-2.2\PROJECTS\2013\PROJECT-BIRDS\PROJ.WP8\DEBUG\PAYMENTPROCEED.OBJ
C:\USERS\IGOR\DOCUMENTS\GITHUB\COCOS2D-X-2.2\PROJECTS\2013\PROJECT-BIRDS\PROJ.WP8\DEBUG\TEMPPUBLISHERACHIEVEMENTSEXPLAIN.OBJ
C:\USERS\IGOR\DOCUMENTS\GITHUB\COCOS2D-X-2.2\PROJECTS\2013\PROJECT-BIRDS\PROJ.WP8\DEBUG\SCREEN.OBJ
C:\USERS\IGOR\DOCUMENTS\GITHUB\COCOS2D-X-2.2\PROJECTS\2013\PROJECT-BIRDS\PROJ.WP8\DEBUG\CREDITS.OBJ
C:\USERS\IGOR\DOCUMENTS\GITHUB\COCOS2D-X-2.2\PROJECTS\2013\PROJECT-BIRDS\PROJ.WP8\DEBUG\MENU.OBJ
C:\USERS\IGOR\DOCUMENTS\GITHUB\COCOS2D-X-2.2\PROJECTS\2013\PROJECT-BIRDS\PROJ.WP8\DEBUG\CCBLADE.OBJ
C:\USERS\IGOR\DOCUMENTS\GITHUB\COCOS2D-X-2.2\PROJECTS\2013\PROJECT-BIRDS\PROJ.WP8\DEBUG\CREDITSLIST.OBJ
C:\USERS\IGOR\DOCUMENTS\GITHUB\COCOS2D-X-2.2\PROJECTS\2013\PROJECT-BIRDS\PROJ.WP8\DEBUG\TOUCHABLE.OBJ
C:\USERS\IGOR\DOCUMENTS\GITHUB\COCOS2D-X-2.2\PROJECTS\2013\PROJECT-BIRDS\PROJ.WP8\DEBUG\ANIMATEDCOIN.OBJ
C:\USERS\IGOR\DOCUMENTS\GITHUB\COCOS2D-X-2.2\PROJECTS\2013\PROJECT-BIRDS\PROJ.WP8\DEBUG\CONFETTI.OBJ
C:\USERS\IGOR\DOCUMENTS\GITHUB\COCOS2D-X-2.2\PROJECTS\2013\PROJECT-BIRDS\PROJ.WP8\DEBUG\EVENTPANEL.OBJ
C:\USERS\IGOR\DOCUMENTS\GITHUB\COCOS2D-X-2.2\PROJECTS\2013\PROJECT-BIRDS\PROJ.WP8\DEBUG\IMPULSEENTITY.OBJ
C:\USERS\IGOR\DOCUMENTS\GITHUB\COCOS2D-X-2.2\PROJECTS\2013\PROJECT-BIRDS\PROJ.WP8\DEBUG\LIVEPARTICLE.OBJ
C:\USERS\IGOR\DOCUMENTS\GITHUB\COCOS2D-X-2.2\PROJECTS\2013\PROJECT-BIRDS\PROJ.WP8\DEBUG\RAIN.OBJ
C:\USERS\IGOR\DOCUMENTS\GITHUB\COCOS2D-X-2.2\PROJECTS\2013\PROJECT-BIRDS\PROJ.WP8\DEBUG\ROBOTOPART.OBJ
C:\USERS\IGOR\DOCUMENTS\GITHUB\COCOS2D-X-2.2\PROJECTS\2013\PROJECT-BIRDS\PROJ.WP8\DEBUG\STARPARTICLE2.OBJ
C:\USERS\IGOR\DOCUMENTS\GITHUB\COCOS2D-X-2.2\PROJECTS\2013\PROJECT-BIRDS\PROJ.WP8\DEBUG\TEXTURE.OBJ
C:\USERS\IGOR\DOCUMENTS\GITHUB\COCOS2D-X-2.2\PROJECTS\2013\PROJECT-BIRDS\PROJ.WP8\DEBUG\SCREENMANAGER.OBJ
C:\USERS\IGOR\DOCUMENTS\GITHUB\COCOS2D-X-2.2\PROJECTS\2013\PROJECT-BIRDS\PROJ.WP8\DEBUG\BUYITEM.OBJ
C:\USERS\IGOR\DOCUMENTS\GITHUB\COCOS2D-X-2.2\PROJECTS\2013\PROJECT-BIRDS\PROJ.WP8\DEBUG\PAUSE.OBJ
C:\USERS\IGOR\DOCUMENTS\GITHUB\COCOS2D-X-2.2\PROJECTS\2013\PROJECT-BIRDS\PROJ.WP8\DEBUG\SURPRISELEVEL.OBJ
C:\USERS\IGOR\DOCUMENTS\GITHUB\COCOS2D-X-2.2\PROJECTS\2013\PROJECT-BIRDS\PROJ.WP8\DEBUG\UNLOCKLEVEL.OBJ
C:\USERS\IGOR\DOCUMENTS\GITHUB\COCOS2D-X-2.2\PROJECTS\2013\PROJECT-BIRDS\PROJ.WP8\DEBUG\END.OBJ
C:\USERS\IGOR\DOCUMENTS\GITHUB\COCOS2D-X-2.2\PROJECTS\2013\PROJECT-BIRDS\PROJ.WP8\DEBUG\LOADER.OBJ
C:\USERS\IGOR\DOCUMENTS\GITHUB\COCOS2D-X-2.2\PROJECTS\2013\PROJECT-BIRDS\PROJ.WP8\DEBUG\PROGRESS.OBJ
C:\USERS\IGOR\DOCUMENTS\GITHUB\COCOS2D-X-2.2\PROJECTS\2013\PROJECT-BIRDS\PROJ.WP8\DEBUG\SPLASH.OBJ
C:\USERS\IGOR\DOCUMENTS\GITHUB\COCOS2D-X-2.2\PROJECTS\2013\PROJECT-BIRDS\PROJ.WP8\DEBUG\BUYITEMLIST.OBJ
C:\USERS\IGOR\DOCUMENTS\GITHUB\COCOS2D-X-2.2\PROJECTS\2013\PROJECT-BIRDS\PROJ.WP8\DEBUG\SPRITEBATCH.OBJ
C:\USERS\IGOR\DOCUMENTS\GITHUB\COCOS2D-X-2.2\PROJECTS\2013\PROJECT-BIRDS\PROJ.WP8\DEBUG\VC110.PDB
C:\USERS\IGOR\DOCUMENTS\GITHUB\COCOS2D-X-2.2\PROJECTS\2013\PROJECT-BIRDS\PROJ.WP8\DEBUG\ARCADE.OBJ
C:\USERS\IGOR\DOCUMENTS\GITHUB\COCOS2D-X-2.2\PROJECTS\2013\PROJECT-BIRDS\PROJ.WP8\DEBUG\LEVELS.OBJ
C:\USERS\IGOR\DOCUMENTS\GITHUB\COCOS2D-X-2.2\PROJECTS\2013\PROJECT-BIRDS\PROJ.WP8\DEBUG\GETLIVES.OBJ
C:\USERS\IGOR\DOCUMENTS\GITHUB\COCOS2D-X-2.2\PROJECTS\2013\PROJECT-BIRDS\PROJ.WP8\DEBUG\PROGRESSES.OBJ
C:\USERS\IGOR\DOCUMENTS\GITHUB\COCOS2D-X-2.2\PROJECTS\2013\PROJECT-BIRDS\PROJ.WP8\DEBUG\LOADING.OBJ
C:\USERS\IGOR\DOCUMENTS\GITHUB\COCOS2D-X-2.2\PROJECTS\2013\PROJECT-BIRDS\PROJ.WP8\DEBUG\APPDELEGATE.OBJ
C:\USERS\IGOR\DOCUMENTS\GITHUB\COCOS2D-X-2.2\WP8\WIN32\DEBUG\PROJECTBIRDS\PROJECTBIRDS.EXE
C:\USERS\IGOR\DOCUMENTS\GITHUB\COCOS2D-X-2.2\WP8\WIN32\DEBUG\PROJECTBIRDS\PROJECTBIRDS.PDB
C:\Users\Igor\Documents\GitHub\cocos2d-x-2.2\WP8\Win32\Debug\ProjectBirds\CocosDenshion.winmd
C:\Users\Igor\Documents\GitHub\cocos2d-x-2.2\WP8\Win32\Debug\ProjectBirds\CocosDenshion.pdb
C:\Users\Igor\Documents\GitHub\cocos2d-x-2.2\projects\2013\project-birds\proj.wp8\Debug\ProjectBirds.vcxprojResolveAssemblyReference.cache
C:\Users\Igor\Documents\GitHub\cocos2d-x-2.2\projects\2013\project-birds\proj.wp8\Debug\AnimatedCoin.obj
C:\Users\Igor\Documents\GitHub\cocos2d-x-2.2\projects\2013\project-birds\proj.wp8\Debug\AppDelegate.obj
C:\Users\Igor\Documents\GitHub\cocos2d-x-2.2\projects\2013\project-birds\proj.wp8\Debug\Arcade.obj
C:\Users\Igor\Documents\GitHub\cocos2d-x-2.2\projects\2013\project-birds\proj.wp8\Debug\BatchEntityManager.obj
C:\Users\Igor\Documents\GitHub\cocos2d-x-2.2\projects\2013\project-birds\proj.wp8\Debug\Bird.obj
C:\Users\Igor\Documents\GitHub\cocos2d-x-2.2\projects\2013\project-birds\proj.wp8\Debug\BladeParticlesManager.obj
C:\Users\Igor\Documents\GitHub\cocos2d-x-2.2\projects\2013\project-birds\proj.wp8\Debug\BoughtItem.obj
C:\Users\Igor\Documents\GitHub\cocos2d-x-2.2\projects\2013\project-birds\proj.wp8\Debug\Button.obj
C:\Users\Igor\Documents\GitHub\cocos2d-x-2.2\projects\2013\project-birds\proj.wp8\Debug\ButtonReceiver.obj
C:\Users\Igor\Documents\GitHub\cocos2d-x-2.2\projects\2013\project-birds\proj.wp8\Debug\BuyItem.obj
C:\Users\Igor\Documents\GitHub\cocos2d-x-2.2\projects\2013\project-birds\proj.wp8\Debug\BuyItemList.obj
C:\Users\Igor\Documents\GitHub\cocos2d-x-2.2\projects\2013\project-birds\proj.wp8\Debug\CCBlade.obj
C:\Users\Igor\Documents\GitHub\cocos2d-x-2.2\projects\2013\project-birds\proj.wp8\Debug\Classic.obj
C:\Users\Igor\Documents\GitHub\cocos2d-x-2.2\projects\2013\project-birds\proj.wp8\Debug\Clock.obj
C:\Users\Igor\Documents\GitHub\cocos2d-x-2.2\projects\2013\project-birds\proj.wp8\Debug\Color.obj
C:\Users\Igor\Documents\GitHub\cocos2d-x-2.2\projects\2013\project-birds\proj.wp8\Debug\Confetti.obj
C:\Users\Igor\Documents\GitHub\cocos2d-x-2.2\projects\2013\project-birds\proj.wp8\Debug\Credits.obj
C:\Users\Igor\Documents\GitHub\cocos2d-x-2.2\projects\2013\project-birds\proj.wp8\Debug\CreditsList.obj
C:\Users\Igor\Documents\GitHub\cocos2d-x-2.2\projects\2013\project-birds\proj.wp8\Debug\Dust.obj
C:\Users\Igor\Documents\GitHub\cocos2d-x-2.2\projects\2013\project-birds\proj.wp8\Debug\End.obj
C:\Users\Igor\Documents\GitHub\cocos2d-x-2.2\projects\2013\project-birds\proj.wp8\Debug\Entity.obj
C:\Users\Igor\Documents\GitHub\cocos2d-x-2.2\projects\2013\project-birds\proj.wp8\Debug\EntityManager.obj
C:\Users\Igor\Documents\GitHub\cocos2d-x-2.2\projects\2013\project-birds\proj.wp8\Debug\EventPanel.obj
C:\Users\Igor\Documents\GitHub\cocos2d-x-2.2\projects\2013\project-birds\proj.wp8\Debug\Exit.obj
C:\Users\Igor\Documents\GitHub\cocos2d-x-2.2\projects\2013\project-birds\proj.wp8\Debug\Explosion.obj
C:\Users\Igor\Documents\GitHub\cocos2d-x-2.2\projects\2013\project-birds\proj.wp8\Debug\ExplosionBasic.obj
C:\Users\Igor\Documents\GitHub\cocos2d-x-2.2\projects\2013\project-birds\proj.wp8\Debug\Feather.obj
C:\Users\Igor\Documents\GitHub\cocos2d-x-2.2\projects\2013\project-birds\proj.wp8\Debug\Game.obj
C:\Users\Igor\Documents\GitHub\cocos2d-x-2.2\projects\2013\project-birds\proj.wp8\Debug\GeneralExplosion.obj
C:\Users\Igor\Documents\GitHub\cocos2d-x-2.2\projects\2013\project-birds\proj.wp8\Debug\GetCoins.obj
C:\Users\Igor\Documents\GitHub\cocos2d-x-2.2\projects\2013\project-birds\proj.wp8\Debug\GetKeys.obj
C:\Users\Igor\Documents\GitHub\cocos2d-x-2.2\projects\2013\project-birds\proj.wp8\Debug\GetLives.obj
C:\Users\Igor\Documents\GitHub\cocos2d-x-2.2\projects\2013\project-birds\proj.wp8\Debug\ImpulseEntity.obj
C:\Users\Igor\Documents\GitHub\cocos2d-x-2.2\projects\2013\project-birds\proj.wp8\Debug\Item.obj
C:\Users\Igor\Documents\GitHub\cocos2d-x-2.2\projects\2013\project-birds\proj.wp8\Debug\KeyDisplay.obj
C:\Users\Igor\Documents\GitHub\cocos2d-x-2.2\projects\2013\project-birds\proj.wp8\Debug\KeyParticle.obj
C:\Users\Igor\Documents\GitHub\cocos2d-x-2.2\projects\2013\project-birds\proj.wp8\Debug\Language.obj
C:\Users\Igor\Documents\GitHub\cocos2d-x-2.2\projects\2013\project-birds\proj.wp8\Debug\Levels.obj
C:\Users\Igor\Documents\GitHub\cocos2d-x-2.2\projects\2013\project-birds\proj.wp8\Debug\List.obj
C:\Users\Igor\Documents\GitHub\cocos2d-x-2.2\projects\2013\project-birds\proj.wp8\Debug\LiveParticle.obj
C:\Users\Igor\Documents\GitHub\cocos2d-x-2.2\projects\2013\project-birds\proj.wp8\Debug\Loader.obj
C:\Users\Igor\Documents\GitHub\cocos2d-x-2.2\projects\2013\project-birds\proj.wp8\Debug\Loading.obj
C:\Users\Igor\Documents\GitHub\cocos2d-x-2.2\projects\2013\project-birds\proj.wp8\Debug\Map.obj
C:\Users\Igor\Documents\GitHub\cocos2d-x-2.2\projects\2013\project-birds\proj.wp8\Debug\Mark.obj
C:\Users\Igor\Documents\GitHub\cocos2d-x-2.2\projects\2013\project-birds\proj.wp8\Debug\Menu.obj
C:\Users\Igor\Documents\GitHub\cocos2d-x-2.2\projects\2013\project-birds\proj.wp8\Debug\Mode.obj
C:\Users\Igor\Documents\GitHub\cocos2d-x-2.2\projects\2013\project-birds\proj.wp8\Debug\ModeHelp.obj
C:\Users\Igor\Documents\GitHub\cocos2d-x-2.2\projects\2013\project-birds\proj.wp8\Debug\ModeHelpList.obj
C:\Users\Igor\Documents\GitHub\cocos2d-x-2.2\projects\2013\project-birds\proj.wp8\Debug\More.obj
C:\Users\Igor\Documents\GitHub\cocos2d-x-2.2\projects\2013\project-birds\proj.wp8\Debug\Options.obj
C:\Users\Igor\Documents\GitHub\cocos2d-x-2.2\projects\2013\project-birds\proj.wp8\Debug\Pause.obj
C:\Users\Igor\Documents\GitHub\cocos2d-x-2.2\projects\2013\project-birds\proj.wp8\Debug\PaymentProceed.obj
C:\Users\Igor\Documents\GitHub\cocos2d-x-2.2\projects\2013\project-birds\proj.wp8\Debug\PirateBox.obj
C:\Users\Igor\Documents\GitHub\cocos2d-x-2.2\projects\2013\project-birds\proj.wp8\Debug\PlayButton.obj
C:\Users\Igor\Documents\GitHub\cocos2d-x-2.2\projects\2013\project-birds\proj.wp8\Debug\PleaseRate.obj
C:\Users\Igor\Documents\GitHub\cocos2d-x-2.2\projects\2013\project-birds\proj.wp8\Debug\Popup.obj
C:\Users\Igor\Documents\GitHub\cocos2d-x-2.2\projects\2013\project-birds\proj.wp8\Debug\Progress.obj
C:\Users\Igor\Documents\GitHub\cocos2d-x-2.2\projects\2013\project-birds\proj.wp8\Debug\Progresses.obj
C:\Users\Igor\Documents\GitHub\cocos2d-x-2.2\projects\2013\project-birds\proj.wp8\Debug\ProjectBirds.obj
C:\Users\Igor\Documents\GitHub\cocos2d-x-2.2\projects\2013\project-birds\proj.wp8\Debug\Rain.obj
C:\Users\Igor\Documents\GitHub\cocos2d-x-2.2\projects\2013\project-birds\proj.wp8\Debug\RainCircle.obj
C:\Users\Igor\Documents\GitHub\cocos2d-x-2.2\projects\2013\project-birds\proj.wp8\Debug\ResetProgress.obj
C:\Users\Igor\Documents\GitHub\cocos2d-x-2.2\projects\2013\project-birds\proj.wp8\Debug\Ripple.obj
C:\Users\Igor\Documents\GitHub\cocos2d-x-2.2\projects\2013\project-birds\proj.wp8\Debug\RobotoGun.obj
C:\Users\Igor\Documents\GitHub\cocos2d-x-2.2\projects\2013\project-birds\proj.wp8\Debug\RobotoPart.obj
C:\Users\Igor\Documents\GitHub\cocos2d-x-2.2\projects\2013\project-birds\proj.wp8\Debug\Screen.obj
C:\Users\Igor\Documents\GitHub\cocos2d-x-2.2\projects\2013\project-birds\proj.wp8\Debug\ScreenManager.obj
C:\Users\Igor\Documents\GitHub\cocos2d-x-2.2\projects\2013\project-birds\proj.wp8\Debug\Settings.obj
C:\Users\Igor\Documents\GitHub\cocos2d-x-2.2\projects\2013\project-birds\proj.wp8\Debug\Shop.obj
C:\Users\Igor\Documents\GitHub\cocos2d-x-2.2\projects\2013\project-birds\proj.wp8\Debug\SpecialBird.obj
C:\Users\Igor\Documents\GitHub\cocos2d-x-2.2\projects\2013\project-birds\proj.wp8\Debug\Splash.obj
C:\Users\Igor\Documents\GitHub\cocos2d-x-2.2\projects\2013\project-birds\proj.wp8\Debug\SpriteBatch.obj
C:\Users\Igor\Documents\GitHub\cocos2d-x-2.2\projects\2013\project-birds\proj.wp8\Debug\Star.obj
C:\Users\Igor\Documents\GitHub\cocos2d-x-2.2\projects\2013\project-birds\proj.wp8\Debug\StarParticle.obj
C:\Users\Igor\Documents\GitHub\cocos2d-x-2.2\projects\2013\project-birds\proj.wp8\Debug\StarParticle2.obj
C:\Users\Igor\Documents\GitHub\cocos2d-x-2.2\projects\2013\project-birds\proj.wp8\Debug\SurpriseLevel.obj
C:\Users\Igor\Documents\GitHub\cocos2d-x-2.2\projects\2013\project-birds\proj.wp8\Debug\TempPublisherAchievementsExplain.obj
C:\Users\Igor\Documents\GitHub\cocos2d-x-2.2\projects\2013\project-birds\proj.wp8\Debug\TempPublisherInAppExplain.obj
C:\Users\Igor\Documents\GitHub\cocos2d-x-2.2\projects\2013\project-birds\proj.wp8\Debug\TempPublisherRatingExplain.obj
C:\Users\Igor\Documents\GitHub\cocos2d-x-2.2\projects\2013\project-birds\proj.wp8\Debug\Text.obj
C:\Users\Igor\Documents\GitHub\cocos2d-x-2.2\projects\2013\project-birds\proj.wp8\Debug\Texture.obj
C:\Users\Igor\Documents\GitHub\cocos2d-x-2.2\projects\2013\project-birds\proj.wp8\Debug\Touchable.obj
C:\Users\Igor\Documents\GitHub\cocos2d-x-2.2\projects\2013\project-birds\proj.wp8\Debug\TouchTrailLayer.obj
C:\Users\Igor\Documents\GitHub\cocos2d-x-2.2\projects\2013\project-birds\proj.wp8\Debug\UnlockLevel.obj
C:\Users\Igor\Documents\GitHub\cocos2d-x-2.2\projects\2013\project-birds\proj.wp8\Debug\Utils.obj
C:\Users\Igor\Documents\GitHub\cocos2d-x-2.2\projects\2013\project-birds\proj.wp8\Debug\WeaponParticle.obj
C:\Users\Igor\Documents\GitHub\cocos2d-x-2.2\projects\2013\project-birds\proj.wp8\Debug\ZombieExplosion.obj
C:\Users\Igor\Documents\GitHub\cocos2d-x-2.2\projects\2013\project-birds\proj.wp8\Debug\CL.1268.read.1.tlog
C:\Users\Igor\Documents\GitHub\cocos2d-x-2.2\projects\2013\project-birds\proj.wp8\Debug\CL.1268.write.1.tlog
C:\Users\Igor\Documents\GitHub\cocos2d-x-2.2\projects\2013\project-birds\proj.wp8\Debug\CL.184.read.1.tlog
C:\Users\Igor\Documents\GitHub\cocos2d-x-2.2\projects\2013\project-birds\proj.wp8\Debug\CL.184.write.1.tlog
C:\Users\Igor\Documents\GitHub\cocos2d-x-2.2\projects\2013\project-birds\proj.wp8\Debug\CL.2052.read.1.tlog
C:\Users\Igor\Documents\GitHub\cocos2d-x-2.2\projects\2013\project-birds\proj.wp8\Debug\CL.2052.write.1.tlog
C:\Users\Igor\Documents\GitHub\cocos2d-x-2.2\projects\2013\project-birds\proj.wp8\Debug\CL.3548.read.1.tlog
C:\Users\Igor\Documents\GitHub\cocos2d-x-2.2\projects\2013\project-birds\proj.wp8\Debug\CL.3548.write.1.tlog
C:\Users\Igor\Documents\GitHub\cocos2d-x-2.2\projects\2013\project-birds\proj.wp8\Debug\CL.4768.read.1.tlog
C:\Users\Igor\Documents\GitHub\cocos2d-x-2.2\projects\2013\project-birds\proj.wp8\Debug\CL.4768.write.1.tlog
C:\Users\Igor\Documents\GitHub\cocos2d-x-2.2\projects\2013\project-birds\proj.wp8\Debug\CL.4820.read.1.tlog
C:\Users\Igor\Documents\GitHub\cocos2d-x-2.2\projects\2013\project-birds\proj.wp8\Debug\CL.4820.write.1.tlog
C:\Users\Igor\Documents\GitHub\cocos2d-x-2.2\projects\2013\project-birds\proj.wp8\Debug\CL.4972.read.1.tlog
C:\Users\Igor\Documents\GitHub\cocos2d-x-2.2\projects\2013\project-birds\proj.wp8\Debug\CL.4972.write.1.tlog
C:\Users\Igor\Documents\GitHub\cocos2d-x-2.2\projects\2013\project-birds\proj.wp8\Debug\CL.4988.read.1.tlog
C:\Users\Igor\Documents\GitHub\cocos2d-x-2.2\projects\2013\project-birds\proj.wp8\Debug\CL.4988.write.1.tlog
C:\Users\Igor\Documents\GitHub\cocos2d-x-2.2\projects\2013\project-birds\proj.wp8\Debug\CL.5044.read.1.tlog
C:\Users\Igor\Documents\GitHub\cocos2d-x-2.2\projects\2013\project-birds\proj.wp8\Debug\CL.5044.write.1.tlog
C:\Users\Igor\Documents\GitHub\cocos2d-x-2.2\projects\2013\project-birds\proj.wp8\Debug\CL.5352.read.1.tlog
C:\Users\Igor\Documents\GitHub\cocos2d-x-2.2\projects\2013\project-birds\proj.wp8\Debug\CL.5352.write.1.tlog
C:\Users\Igor\Documents\GitHub\cocos2d-x-2.2\projects\2013\project-birds\proj.wp8\Debug\CL.5464.read.1.tlog
C:\Users\Igor\Documents\GitHub\cocos2d-x-2.2\projects\2013\project-birds\proj.wp8\Debug\CL.5464.write.1.tlog
C:\Users\Igor\Documents\GitHub\cocos2d-x-2.2\projects\2013\project-birds\proj.wp8\Debug\CL.6284.read.1.tlog
C:\Users\Igor\Documents\GitHub\cocos2d-x-2.2\projects\2013\project-birds\proj.wp8\Debug\CL.6284.write.1.tlog
C:\Users\Igor\Documents\GitHub\cocos2d-x-2.2\projects\2013\project-birds\proj.wp8\Debug\CL.6304.read.1.tlog
C:\Users\Igor\Documents\GitHub\cocos2d-x-2.2\projects\2013\project-birds\proj.wp8\Debug\CL.6304.write.1.tlog
C:\Users\Igor\Documents\GitHub\cocos2d-x-2.2\projects\2013\project-birds\proj.wp8\Debug\CL.6328.read.1.tlog
C:\Users\Igor\Documents\GitHub\cocos2d-x-2.2\projects\2013\project-birds\proj.wp8\Debug\CL.6328.write.1.tlog
C:\Users\Igor\Documents\GitHub\cocos2d-x-2.2\projects\2013\project-birds\proj.wp8\Debug\CL.6532.read.1.tlog
C:\Users\Igor\Documents\GitHub\cocos2d-x-2.2\projects\2013\project-birds\proj.wp8\Debug\CL.6532.write.1.tlog
C:\Users\Igor\Documents\GitHub\cocos2d-x-2.2\projects\2013\project-birds\proj.wp8\Debug\CL.6944.read.1.tlog
C:\Users\Igor\Documents\GitHub\cocos2d-x-2.2\projects\2013\project-birds\proj.wp8\Debug\CL.6944.write.1.tlog
C:\Users\Igor\Documents\GitHub\cocos2d-x-2.2\projects\2013\project-birds\proj.wp8\Debug\CL.852.read.1.tlog
C:\Users\Igor\Documents\GitHub\cocos2d-x-2.2\projects\2013\project-birds\proj.wp8\Debug\CL.852.write.1.tlog
C:\Users\Igor\Documents\GitHub\cocos2d-x-2.2\projects\2013\project-birds\proj.wp8\Debug\CL.912.read.1.tlog
C:\Users\Igor\Documents\GitHub\cocos2d-x-2.2\projects\2013\project-birds\proj.wp8\Debug\CL.912.write.1.tlog
C:\Users\Igor\Documents\GitHub\cocos2d-x-2.2\projects\2013\project-birds\proj.wp8\Debug\cl.command.1.tlog
C:\Users\Igor\Documents\GitHub\cocos2d-x-2.2\projects\2013\project-birds\proj.wp8\Debug\CL.read.1.tlog
C:\Users\Igor\Documents\GitHub\cocos2d-x-2.2\projects\2013\project-birds\proj.wp8\Debug\cl.write.1.tlog
C:\Users\Igor\Documents\GitHub\cocos2d-x-2.2\projects\2013\project-birds\proj.wp8\Debug\link.command.1.tlog
C:\Users\Igor\Documents\GitHub\cocos2d-x-2.2\projects\2013\project-birds\proj.wp8\Debug\link.read.1.tlog
C:\Users\Igor\Documents\GitHub\cocos2d-x-2.2\projects\2013\project-birds\proj.wp8\Debug\link.write.1.tlog
C:\Users\Igor\Documents\GitHub\cocos2d-x-2.2\projects\2013\project-birds\proj.wp8\Debug\ProjectBirds.write.1.tlog
C:\Users\Igor\Documents\GitHub\cocos2d-x-2.2\projects\2013\project-birds\proj.wp8\Debug\vc110.idb
C:\Users\Igor\Documents\GitHub\cocos2d-x-2.2\projects\2013\project-birds\proj.wp8\Debug\vc110.pdb
C:\Users\Igor\Documents\GitHub\cocos2d-x-2.2\projects\2013\project-birds\proj.wp8\Debug\XapCacheFile.xml
C:\Users\Igor\Documents\GitHub\cocos2d-x-2.2\WP8\Win32\Debug\ProjectBirds\ProjectBirds.pdb
C:\Users\Igor\Documents\GitHub\cocos2d-x-2.2\WP8\Win32\Debug\ProjectBirds\ProjectBirds.exe
