Build started 10/22/2013 4:02:20 PM.
     1>Project "C:\Users\Igor\Documents\GitHub\cocos2d-x-2.2\projects\2013\project-birds\proj.wp8\ProjectBirds.vcxproj" on node 3 (Build target(s)).
     1>PreBuildEvent:
         xcopy "C:\Users\Igor\Documents\GitHub\cocos2d-x-2.2\projects\2013\project-birds\proj.wp8\..\Resources" "C:\Users\Igor\Documents\GitHub\cocos2d-x-2.2\projects\2013\project-birds\proj.wp8\Assets\Resources" /s /y /i /q & echo Copied Resource files to \Assets\Resources
         :VCEnd
         380 File(s) copied
         Copied Resource files to \Assets\Resources
       ClCompile:
         C:\Program Files (x86)\Microsoft Visual Studio 11.0\VC\WPSDK\WP80\bin\CL.exe /c /I"C:\Users\Igor\Documents\GitHub\cocos2d-x-2.2\projects\2013\project-birds\proj.wp8\..\..\..\..\cocos2dx\platform\third_party\winrt\angleproject\include" /I"C:\Users\Igor\Documents\GitHub\cocos2d-x-2.2\projects\2013\project-birds\proj.wp8\..\..\..\..\cocos2dx\platform\third_party\winrt\angleproject\samples\gles2_book\Common" /I"C:\Users\Igor\Documents\GitHub\cocos2d-x-2.2\projects\2013\project-birds\proj.wp8\..\..\..\..\cocos2dx\platform\wp8" /I"C:\Users\Igor\Documents\GitHub\cocos2d-x-2.2\projects\2013\project-birds\proj.wp8\..\..\..\..\cocos2dx" /I"C:\Users\Igor\Documents\GitHub\cocos2d-x-2.2\projects\2013\project-birds\proj.wp8\..\..\..\..\cocos2dx\include" /I"C:\Users\Igor\Documents\GitHub\cocos2d-x-2.2\projects\2013\project-birds\proj.wp8\..\..\..\..\cocos2dx\kazmath\include" /I"C:\Users\Igor\Documents\GitHub\cocos2d-x-2.2\projects\2013\project-birds\proj.wp8\..\..\..\..\cocos2dx\platform\winrt" /I..\Classes /I..\Classes\Entities /I..\Classes\Managers /I..\Classes\Screens /I..\Classes\Screens\Screens /I..\Classes\Screens\Popups /I..\Classes\TEST /I..\Classes\Utils /I..\Classes\Graphics /I"C:\Users\Igor\Documents\GitHub\cocos2d-x-2.2\projects\2013\project-birds\proj.wp8\..\..\..\..\CocosDenshion\include" /I"C:\Users\Igor\Documents\GitHub\cocos2d-x-2.2\projects\2013\project-birds\proj.wp8\\" /I"Generated Files\\" /IDebug\ /ZI /ZW /ZW:nostdlib /nologo /W3 /WX- /sdl /MP /Od /Oy- /D PSAPI_VERSION=2 /D WP8 /D _WP8 /D _CRT_SECURE_NO_WARNINGS /D _SCL_SECURE_NO_WARNINGS /D _UNICODE /D UNICODE /D _DEBUG /D WINAPI_FAMILY=WINAPI_FAMILY_PHONE_APP /Gm- /EHsc /RTC1 /MDd /GS /fp:precise /Zc:wchar_t /Zc:forScope /Fo"Debug\\" /Fd"Debug\vc110.pdb" /Gd /TP /wd4267 /wd4251 /wd4244 /wd4453 /FU"C:\Users\Igor\Documents\GitHub\cocos2d-x-2.2\WP8\Win32\Debug\CocosDenshion\CocosDenshion.winmd" /FU"C:\Program Files (x86)\Microsoft Visual Studio 11.0\VC\WPSDK\WP80\lib\platform.winmd" /FU"C:\Program Files (x86)\Windows Phone Kits\8.0\Windows Metadata\Windows.winmd" /analyze- /errorReport:prompt ..\Classes\Options.cpp
         Options.cpp
       Link:
         C:\Program Files (x86)\Microsoft Visual Studio 11.0\VC\WPSDK\WP80\bin\link.exe /ERRORREPORT:PROMPT /OUT:"C:\Users\Igor\Documents\GitHub\cocos2d-x-2.2\WP8\Win32\Debug\ProjectBirds\ProjectBirds.exe" /INCREMENTAL:NO /NOLOGO d3d11.lib WindowsPhoneCore.lib RuntimeObject.lib PhoneAppModelHost.lib /NODEFAULTLIB:ole32.lib /MANIFEST:NO /DEBUG /PDB:"C:\Users\Igor\Documents\GitHub\cocos2d-x-2.2\WP8\Win32\Debug\ProjectBirds\ProjectBirds.pdb" /SUBSYSTEM:WINDOWS /LTCG /TLBID:1 /WINMD:NO /WINMDFILE:"C:\Users\Igor\Documents\GitHub\cocos2d-x-2.2\WP8\Win32\Debug\ProjectBirds\ProjectBirds.winmd" /DYNAMICBASE /NXCOMPAT /MACHINE:X86 /IGNORE:4264 Debug\AppDelegate.obj
         Debug\AnimatedCoin.obj
         Debug\Bird.obj
         Debug\Button.obj
         Debug\Clock.obj
         Debug\Color.obj
         Debug\Confetti.obj
         Debug\Dust.obj
         Debug\Entity.obj
         Debug\EventPanel.obj
         Debug\Explosion.obj
         Debug\ExplosionBasic.obj
         Debug\Feather.obj
         Debug\GeneralExplosion.obj
         Debug\ImpulseEntity.obj
         Debug\Item.obj
         Debug\KeyDisplay.obj
         Debug\KeyParticle.obj
         Debug\LiveParticle.obj
         Debug\Mark.obj
         Debug\PirateBox.obj
         Debug\PlayButton.obj
         Debug\Rain.obj
         Debug\RainCircle.obj
         Debug\Ripple.obj
         Debug\RobotoGun.obj
         Debug\RobotoPart.obj
         Debug\SpecialBird.obj
         Debug\Star.obj
         Debug\StarParticle.obj
         Debug\StarParticle2.obj
         Debug\Text.obj
         Debug\WeaponParticle.obj
         Debug\ZombieExplosion.obj
         Debug\Texture.obj
         Debug\BatchEntityManager.obj
         Debug\BladeParticlesManager.obj
         Debug\EntityManager.obj
         Debug\ScreenManager.obj
         Debug\Options.obj
         Debug\Popup.obj
         Debug\BoughtItem.obj
         Debug\BuyItem.obj
         Debug\Exit.obj
         Debug\GetCoins.obj
         Debug\GetKeys.obj
         Debug\GetLives.obj
         Debug\Map.obj
         Debug\ModeHelp.obj
         Debug\Pause.obj
         Debug\PaymentProceed.obj
         Debug\PleaseRate.obj
         Debug\ResetProgress.obj
         Debug\SurpriseLevel.obj
         Debug\TempPublisherAchievementsExplain.obj
         Debug\TempPublisherInAppExplain.obj
         Debug\TempPublisherRatingExplain.obj
         Debug\UnlockLevel.obj
         Debug\Screen.obj
         Debug\Arcade.obj
         Debug\Classic.obj
         Debug\Credits.obj
         Debug\End.obj
         Debug\Game.obj
         Debug\Language.obj
         Debug\Levels.obj
         Debug\Loader.obj
         Debug\Loading.obj
         Debug\Menu.obj
         Debug\Mode.obj
         Debug\More.obj
         Debug\Progress.obj
         Debug\Progresses.obj
         Debug\Settings.obj
         Debug\Shop.obj
         Debug\Splash.obj
         Debug\CCBlade.obj
         Debug\TouchTrailLayer.obj
         Debug\ButtonReceiver.obj
         Debug\BuyItemList.obj
         Debug\CreditsList.obj
         Debug\List.obj
         Debug\ModeHelpList.obj
         Debug\SpriteBatch.obj
         Debug\Touchable.obj
         Debug\Utils.obj
         Debug\ProjectBirds.obj
         "C:\Users\Igor\Documents\GitHub\cocos2d-x-2.2\WP8\redist\vs2012\Win32\Debug\libEGL_phone.lib"
         "C:\Users\Igor\Documents\GitHub\cocos2d-x-2.2\WP8\redist\vs2012\Win32\Debug\libGLESv2_phone.lib"
         "C:\Users\Igor\Documents\GitHub\cocos2d-x-2.2\WP8\redist\vs2012\Win32\Debug\esUtil_phone.lib"
         "C:\Users\Igor\Documents\GitHub\cocos2d-x-2.2\WP8\libs\vs2012\Win32\Debug\preprocessor_phone.lib"
         "C:\Users\Igor\Documents\GitHub\cocos2d-x-2.2\WP8\libs\vs2012\Win32\Debug\translator_common_phone.lib"
         "C:\Users\Igor\Documents\GitHub\cocos2d-x-2.2\WP8\libs\vs2012\Win32\Debug\translator_hlsl_phone.lib"
         "C:\Users\Igor\Documents\GitHub\cocos2d-x-2.2\WP8\Win32\Debug\libcocos2d\libcocos2d.lib"
         "C:\Users\Igor\Documents\GitHub\cocos2d-x-2.2\WP8\Win32\Debug\CocosDenshion\CocosDenshion.lib"
     1>AppDelegate.obj : warning LNK4075: ignoring '/EDITANDCONTINUE' due to '/OPT:LBR' specification
         LINK : /LTCG specified but no code generation required; remove /LTCG from the link command line to improve linker performance
         ProjectBirds.vcxproj -> C:\Users\Igor\Documents\GitHub\cocos2d-x-2.2\WP8\Win32\Debug\ProjectBirds\ProjectBirds.exe
       XapPackager:
         Begin Xap packaging
         Creating file ProjectBirds_Debug_Win32.xap
         Adding WMAppManifest.xml
         Adding ProjectBirds.exe
         Adding CocosDenshion.winmd
         Adding CocosDenshion.dll
         Adding Assets\Resources\Fonts\Comic Sans MS.ttf
         Adding Assets\AlignmentGrid.png
         Adding Assets\ApplicationIcon.png
         Adding Assets\Resources\Graphics\1280x720-PNG\about_scroll_fill@2x.png
         Adding Assets\Resources\Graphics\1280x720-PNG\about_scroll_fill_small@2x.png
         Adding Assets\Resources\Graphics\1280x720-PNG\more_games_list@2x.png
         Adding Assets\Resources\Graphics\1280x720-PNG\TextureAtlas1.png
         Adding Assets\Resources\Graphics\1280x720-PNG\TextureAtlas10.png
         Adding Assets\Resources\Graphics\1280x720-PNG\TextureAtlas11.png
         Adding Assets\Resources\Graphics\1280x720-PNG\TextureAtlas12.png
         Adding Assets\Resources\Graphics\1280x720-PNG\TextureAtlas13.png
         Adding Assets\Resources\Graphics\1280x720-PNG\TextureAtlas14.png
         Adding Assets\Resources\Graphics\1280x720-PNG\TextureAtlas15.png
         Adding Assets\Resources\Graphics\1280x720-PNG\TextureAtlas2.png
         Adding Assets\Resources\Graphics\1280x720-PNG\TextureAtlas3.png
         Adding Assets\Resources\Graphics\1280x720-PNG\TextureAtlas4.png
         Adding Assets\Resources\Graphics\1280x720-PNG\TextureAtlas5.png
         Adding Assets\Resources\Graphics\1280x720-PNG\TextureAtlas6.png
         Adding Assets\Resources\Graphics\1280x720-PNG\TextureAtlas7.png
         Adding Assets\Resources\Graphics\1280x720-PNG\TextureAtlas8.png
         Adding Assets\Resources\Graphics\1280x720-PNG\TextureAtlas9.png
         Adding Assets\Resources\Graphics\1280x720-PNG\wep_1@2x.png
         Adding Assets\Resources\Graphics\1280x720-PNG\wep_10@2x.png
         Adding Assets\Resources\Graphics\1280x720-PNG\wep_11@2x.png
         Adding Assets\Resources\Graphics\1280x720-PNG\wep_2@2x.png
         Adding Assets\Resources\Graphics\1280x720-PNG\wep_3@2x.png
         Adding Assets\Resources\Graphics\1280x720-PNG\wep_4@2x.png
         Adding Assets\Resources\Graphics\1280x720-PNG\wep_5@2x.png
         Adding Assets\Resources\Graphics\1280x720-PNG\wep_6@2x.png
         Adding Assets\Resources\Graphics\1280x720-PNG\wep_7@2x.png
         Adding Assets\Resources\Graphics\1280x720-PNG\wep_8@2x.png
         Adding Assets\Resources\Graphics\1280x720-PNG\wep_9@2x.png
         Adding Assets\Resources\Graphics\1280x720\about_scroll_fill@2x.png
         Adding Assets\Resources\Graphics\1280x720\about_scroll_fill_small@2x.png
         Adding Assets\Resources\Graphics\1280x720\more_games_list@2x.png
         Adding Assets\Resources\Graphics\1280x720\wep_1@2x.png
         Adding Assets\Resources\Graphics\1280x720\wep_10@2x.png
         Adding Assets\Resources\Graphics\1280x720\wep_11@2x.png
         Adding Assets\Resources\Graphics\1280x720\wep_2@2x.png
         Adding Assets\Resources\Graphics\1280x720\wep_3@2x.png
         Adding Assets\Resources\Graphics\1280x720\wep_4@2x.png
         Adding Assets\Resources\Graphics\1280x720\wep_5@2x.png
         Adding Assets\Resources\Graphics\1280x720\wep_6@2x.png
         Adding Assets\Resources\Graphics\1280x720\wep_7@2x.png
         Adding Assets\Resources\Graphics\1280x720\wep_8@2x.png
         Adding Assets\Resources\Graphics\1280x720\wep_9@2x.png
         Adding Assets\Tiles\FlipCycleTileLarge.png
         Adding Assets\Tiles\FlipCycleTileMedium.png
         Adding Assets\Tiles\FlipCycleTileSmall.png
         Adding Assets\Tiles\IconicTileMediumLarge.png
         Adding Assets\Tiles\IconicTileSmall.png
         Adding Assets\Resources\Music\music-1.mp3
         Adding Assets\Resources\Music\music-2.mp3
         Adding Assets\Resources\Sound\berry_count_ind_a.mp3
         Adding Assets\Resources\Sound\berry_count_ind_b.mp3
         Adding Assets\Resources\Sound\berry_count_ind_c.mp3
         Adding Assets\Resources\Sound\berry_count_ind_d.mp3
         Adding Assets\Resources\Sound\bird-blow.mp3
         Adding Assets\Resources\Sound\bomb-fuse.mp3
         Adding Assets\Resources\Sound\bonus-gong.mp3
         Adding Assets\Resources\Sound\bonus_banana_freeze.mp3
         Adding Assets\Resources\Sound\combo-1.mp3
         Adding Assets\Resources\Sound\combo-2.mp3
         Adding Assets\Resources\Sound\combo-3.mp3
         Adding Assets\Resources\Sound\combo-4.mp3
         Adding Assets\Resources\Sound\combo-5.mp3
         Adding Assets\Resources\Sound\combo-6.mp3
         Adding Assets\Resources\Sound\combo-7.mp3
         Adding Assets\Resources\Sound\combo-8.mp3
         Adding Assets\Resources\Sound\combo-blitz-backing-end.mp3
         Adding Assets\Resources\Sound\combo-blitz-backing-light.mp3
         Adding Assets\Resources\Sound\combo-blitz-backing.mp3
         Adding Assets\Resources\Sound\critical.mp3
         Adding Assets\Resources\Sound\equip-new-sword.mp3
         Adding Assets\Resources\Sound\equip-unlock.mp3
         Adding Assets\Resources\Sound\explosion.mp3
         Adding Assets\Resources\Sound\hit.mp3
         Adding Assets\Resources\Sound\lose_life.mp3
         Adding Assets\Resources\Sound\pome-rampdown.mp3
         Adding Assets\Resources\Sound\pome-zoomout.mp3
         Adding Assets\Resources\Sound\popup-1.mp3
         Adding Assets\Resources\Sound\popup-2.mp3
         Adding Assets\Resources\Sound\popup-3.mp3
         Adding Assets\Resources\Sound\popup-4.mp3
         Adding Assets\Resources\Sound\popup-5.mp3
         Adding Assets\Resources\Sound\popup-6.mp3
         Adding Assets\Resources\Sound\popup-7.mp3
         Adding Assets\Resources\Sound\popup-8.mp3
         Adding Assets\Resources\Sound\progress_complete.mp3
         Adding Assets\Resources\Sound\swoosh.mp3
         Adding Assets\Resources\Sound\tap.wav
         Adding Assets\Resources\Sound\throw-bird.mp3
         Adding Assets\Resources\Sound\throw-bomb.mp3
         Adding Assets\Resources\Sound\upsell_whoosh.mp3
         Adding Assets\Resources\Graphics\1280x720-PNG\TextureAtlas1.plist
         Adding Assets\Resources\Graphics\1280x720-PNG\TextureAtlas10.plist
         Adding Assets\Resources\Graphics\1280x720-PNG\TextureAtlas11.plist
         Adding Assets\Resources\Graphics\1280x720-PNG\TextureAtlas12.plist
         Adding Assets\Resources\Graphics\1280x720-PNG\TextureAtlas13.plist
         Adding Assets\Resources\Graphics\1280x720-PNG\TextureAtlas14.plist
         Adding Assets\Resources\Graphics\1280x720-PNG\TextureAtlas15.plist
         Adding Assets\Resources\Graphics\1280x720-PNG\TextureAtlas2.plist
         Adding Assets\Resources\Graphics\1280x720-PNG\TextureAtlas3.plist
         Adding Assets\Resources\Graphics\1280x720-PNG\TextureAtlas4.plist
         Adding Assets\Resources\Graphics\1280x720-PNG\TextureAtlas5.plist
         Adding Assets\Resources\Graphics\1280x720-PNG\TextureAtlas6.plist
         Adding Assets\Resources\Graphics\1280x720-PNG\TextureAtlas7.plist
         Adding Assets\Resources\Graphics\1280x720-PNG\TextureAtlas8.plist
         Adding Assets\Resources\Graphics\1280x720-PNG\TextureAtlas9.plist
         Adding Assets\Resources\Graphics\1280x720\TextureAtlas1.plist
         Adding Assets\Resources\Graphics\1280x720\TextureAtlas1.pvr.ccz
         Adding Assets\Resources\Graphics\1280x720\TextureAtlas10.plist
         Adding Assets\Resources\Graphics\1280x720\TextureAtlas10.pvr.ccz
         Adding Assets\Resources\Graphics\1280x720\TextureAtlas11.plist
         Adding Assets\Resources\Graphics\1280x720\TextureAtlas11.pvr.ccz
         Adding Assets\Resources\Graphics\1280x720\TextureAtlas12.plist
         Adding Assets\Resources\Graphics\1280x720\TextureAtlas12.pvr.ccz
         Adding Assets\Resources\Graphics\1280x720\TextureAtlas13.plist
         Adding Assets\Resources\Graphics\1280x720\TextureAtlas13.pvr.ccz
         Adding Assets\Resources\Graphics\1280x720\TextureAtlas14.plist
         Adding Assets\Resources\Graphics\1280x720\TextureAtlas14.pvr.ccz
         Adding Assets\Resources\Graphics\1280x720\TextureAtlas15.plist
         Adding Assets\Resources\Graphics\1280x720\TextureAtlas15.pvr.ccz
         Adding Assets\Resources\Graphics\1280x720\TextureAtlas2.plist
         Adding Assets\Resources\Graphics\1280x720\TextureAtlas2.pvr.ccz
         Adding Assets\Resources\Graphics\1280x720\TextureAtlas3.plist
         Adding Assets\Resources\Graphics\1280x720\TextureAtlas3.pvr.ccz
         Adding Assets\Resources\Graphics\1280x720\TextureAtlas4.plist
         Adding Assets\Resources\Graphics\1280x720\TextureAtlas4.pvr.ccz
         Adding Assets\Resources\Graphics\1280x720\TextureAtlas5.plist
         Adding Assets\Resources\Graphics\1280x720\TextureAtlas5.pvr.ccz
         Adding Assets\Resources\Graphics\1280x720\TextureAtlas6.plist
         Adding Assets\Resources\Graphics\1280x720\TextureAtlas6.pvr.ccz
         Adding Assets\Resources\Graphics\1280x720\TextureAtlas7.plist
         Adding Assets\Resources\Graphics\1280x720\TextureAtlas7.pvr.ccz
         Adding Assets\Resources\Graphics\1280x720\TextureAtlas8.plist
         Adding Assets\Resources\Graphics\1280x720\TextureAtlas8.pvr.ccz
         Adding Assets\Resources\Graphics\1280x720\TextureAtlas9.plist
         Adding Assets\Resources\Graphics\1280x720\TextureAtlas9.pvr.ccz
         Adding Assets\Resources\Music\music-1.ogg
         Adding Assets\Resources\Music\music-2.ogg
         Adding libEGL_phone.dll
         Adding libGLESv2_phone.dll
         Adding libcocos2d.dll
         Xap packaging completed successfully
     1>Done Building Project "C:\Users\Igor\Documents\GitHub\cocos2d-x-2.2\projects\2013\project-birds\proj.wp8\ProjectBirds.vcxproj" (Build target(s)).

Build succeeded.

Time Elapsed 00:00:08.42
